 
****************************************
Report : area
Design : UART_TX
Version: K-2015.06
Date   : Wed Jul 24 06:50:41 2024
****************************************

Library(s) Used:

    scmetro_tsmc_cl013g_rvt_ss_1p08v_125c (File: /home/IC/Labs/Ass_Syn_2.0/std_cells/scmetro_tsmc_cl013g_rvt_ss_1p08v_125c.db)

Number of ports:                           59
Number of nets:                           127
Number of cells:                           69
Number of combinational cells:             46
Number of sequential cells:                19
Number of macros/black boxes:               0
Number of buf/inv:                          8
Number of references:                       4

Combinational area:                382.427501
Buf/Inv area:                       37.654401
Noncombinational area:             511.864498
Macro/Black Box area:                0.000000
Net Interconnect area:           17920.089050

Total cell area:                   894.292000
Total area:                      18814.381050

Hierarchical area distribution
------------------------------

                                  Global cell area          Local cell area
                                  ------------------  --------------------------- 
Hierarchical cell                 Absolute   Percent  Combi-    Noncombi-  Black-
                                  Total      Total    national  national   boxes   Design
--------------------------------  ---------  -------  --------  ---------  ------  ----------
UART_TX                            894.2920    100.0    0.0000     0.0000  0.0000  UART_TX
U1                                 112.9632     12.6   87.0758    25.8874  0.0000  parity
U2                                  71.7787      8.0   36.4777    35.3010  0.0000  mux
u0                                 543.6354     60.8  175.3283   368.3071  0.0000  serializer
u3                                 165.9147     18.6   83.5457    82.3690  0.0000  fsm
--------------------------------  ---------  -------  --------  ---------  ------  ----------
Total                                                 382.4275   511.8645  0.0000

1
